#
# There is insufficient memory for the Java Runtime Environment to continue.
# Native memory allocation (malloc) failed to allocate 618096 bytes for Chunk::new
# Possible reasons:
#   The system is out of physical RAM or swap space
#   In 32 bit mode, the process size limit was hit
# Possible solutions:
#   Reduce memory load on the system
#   Increase physical memory or swap space
#   Check if swap backing store is full
#   Use 64 bit Java on a 64 bit OS
#   Decrease Java heap size (-Xmx/-Xms)
#   Decrease number of Java threads
#   Decrease Java thread stack sizes (-Xss)
#   Set larger code cache with -XX:ReservedCodeCacheSize=
# This output file may be truncated or incomplete.
#
#  Out of Memory Error (allocation.cpp:390), pid=2996, tid=0x0000000000000694
#
# JRE version: Java(TM) SE Runtime Environment (8.0_101-b13) (build 1.8.0_101-b13)
# Java VM: Java HotSpot(TM) 64-Bit Server VM (25.101-b13 mixed mode windows-amd64 compressed oops)
# Failed to write core dump. Minidumps are not enabled by default on client versions of Windows
#

---------------  T H R E A D  ---------------

Current thread (0x00000000156f2800):  JavaThread "C2 CompilerThread0" daemon [_thread_in_native, id=1684, stack(0x0000000016d30000,0x0000000016e30000)]

Stack: [0x0000000016d30000,0x0000000016e30000]
[error occurred during error reporting (printing stack bounds), id 0xc0000005]

Native frames: (J=compiled Java code, j=interpreted, Vv=VM code, C=native code)


Current CompileTask:
C2:  13095 4318       4       java.net.URLClassLoader$1::run (5 bytes)


---------------  P R O C E S S  ---------------

Java Threads: ( => current thread )
  0x000000001cac9000 JavaThread "oracle.jdbc.driver.BlockSource.ThreadedCachingBlockSource.BlockReleaser" daemon [_thread_blocked, id=8092, stack(0x00000000226c0000,0x00000000227c0000)]
  0x000000001cac8800 JavaThread "Abandoned connection cleanup thread" daemon [_thread_blocked, id=3624, stack(0x0000000022120000,0x0000000022220000)]
  0x000000001cac7800 JavaThread "Timer-1" daemon [_thread_blocked, id=10508, stack(0x0000000021d60000,0x0000000021e60000)]
  0x000000001cac7000 JavaThread "Timer-0" daemon [_thread_blocked, id=7512, stack(0x0000000021810000,0x0000000021910000)]
  0x000000001d3dd000 JavaThread "JPS FileChangeNotifier<clean-only>" daemon [_thread_blocked, id=11076, stack(0x0000000020290000,0x0000000020390000)]
  0x000000001b100800 JavaThread "AWT-EventQueue-0" [_thread_in_Java, id=11800, stack(0x000000001c1f0000,0x000000001c2f0000)]
  0x000000001ae9c800 JavaThread "Thread-3" [_thread_blocked, id=6476, stack(0x000000001c0f0000,0x000000001c1f0000)]
  0x000000001ac19000 JavaThread "ImmediateThread-1500708195757" daemon [_thread_blocked, id=6344, stack(0x000000001bdf0000,0x000000001bef0000)]
  0x0000000018fc2800 JavaThread "AWT-Shutdown" [_thread_blocked, id=9408, stack(0x000000001b9f0000,0x000000001baf0000)]
  0x0000000017d84800 JavaThread "AWT-Windows" daemon [_thread_in_native, id=2532, stack(0x0000000018410000,0x0000000018510000)]
  0x0000000017d71000 JavaThread "Java2D Disposer" daemon [_thread_blocked, id=1612, stack(0x0000000018210000,0x0000000018310000)]
  0x000000001705b800 JavaThread "Service Thread" daemon [_thread_blocked, id=6696, stack(0x0000000017430000,0x0000000017530000)]
  0x00000000156fe000 JavaThread "C1 CompilerThread2" daemon [_thread_in_vm, id=8756, stack(0x0000000016f30000,0x0000000017030000)]
  0x00000000156f8800 JavaThread "C2 CompilerThread1" daemon [_thread_in_native, id=9504, stack(0x0000000016e30000,0x0000000016f30000)]
=>0x00000000156f2800 JavaThread "C2 CompilerThread0" daemon [_thread_in_native, id=1684, stack(0x0000000016d30000,0x0000000016e30000)]
  0x00000000156f0800 JavaThread "Attach Listener" daemon [_thread_blocked, id=9176, stack(0x0000000016c30000,0x0000000016d30000)]
  0x00000000156ef000 JavaThread "Signal Dispatcher" daemon [_thread_blocked, id=10664, stack(0x0000000016b30000,0x0000000016c30000)]
  0x00000000156e0000 JavaThread "Finalizer" daemon [_thread_blocked, id=11136, stack(0x0000000016940000,0x0000000016a40000)]
  0x0000000003105000 JavaThread "Reference Handler" daemon [_thread_blocked, id=9696, stack(0x0000000016840000,0x0000000016940000)]
  0x0000000003015800 JavaThread "main" [_thread_blocked, id=4720, stack(0x0000000002f10000,0x0000000003010000)]

Other Threads:
  0x00000000156b8000 VMThread [stack: 0x0000000016740000,0x0000000016840000] [id=9512]
  0x000000001707b800 WatcherThread [stack: 0x0000000017530000,0x0000000017630000] [id=6456]

VM state:not at safepoint (normal execution)

VM Mutex/Monitor currently owned by a thread: None

Heap:
 PSYoungGen      total 138240K, used 41203K [0x00000000eb380000, 0x00000000f4980000, 0x0000000100000000)
  eden space 122880K, 33% used [0x00000000eb380000,0x00000000edbbcfd0,0x00000000f2b80000)
  from space 15360K, 0% used [0x00000000f2b80000,0x00000000f2b80000,0x00000000f3a80000)
  to   space 12288K, 0% used [0x00000000f3b00000,0x00000000f3b00000,0x00000000f4700000)
 ParOldGen       total 65536K, used 25375K [0x00000000c1a00000, 0x00000000c5a00000, 0x00000000eb380000)
  object space 65536K, 38% used [0x00000000c1a00000,0x00000000c32c7f20,0x00000000c5a00000)
 Metaspace       used 61221K, capacity 61507K, committed 61952K, reserved 1103872K
  class space    used 6736K, capacity 6841K, committed 6912K, reserved 1048576K

Card table byte_map: [0x00000000124d0000,0x00000000126d0000] byte_map_base: 0x0000000011ec3000

Marking Bits: (ParMarkBitMap*) 0x000000005267a6d0
 Begin Bits: [0x0000000012c20000, 0x0000000013bb8000)
 End Bits:   [0x0000000013bb8000, 0x0000000014b50000)

Polling page: 0x0000000001090000

CodeCache: size=245760Kb used=12851Kb max_used=13427Kb free=232908Kb
 bounds [0x0000000003110000, 0x0000000003e40000, 0x0000000012110000]
 total_blobs=4472 nmethods=3802 adapters=582
 compilation: enabled

Compilation events (10 events):
Event: 13.072 Thread 0x00000000156fe000 4380       3       sun.misc.ProxyGenerator::access$500 (6 bytes)
Event: 13.072 Thread 0x00000000156fe000 nmethod 4380 0x000000000383f1d0 code [0x000000000383f340, 0x000000000383f4a8]
Event: 13.073 Thread 0x00000000156fe000 4381       3       sun.misc.ProxyGenerator::getMethodDescriptor (37 bytes)
Event: 13.073 Thread 0x00000000156fe000 nmethod 4381 0x0000000003428450 code [0x0000000003428620, 0x0000000003428de8]
Event: 13.074 Thread 0x00000000156fe000 4382       3       sun.misc.ProxyGenerator$ConstantPool::getInterfaceMethodRef (33 bytes)
Event: 13.075 Thread 0x00000000156fe000 nmethod 4382 0x0000000003820450 code [0x00000000038206e0, 0x0000000003821488]
Event: 13.075 Thread 0x00000000156fe000 4383       1       java.lang.reflect.Method::getMethodAccessor (5 bytes)
Event: 13.076 Thread 0x00000000156fe000 nmethod 4383 0x000000000383da90 code [0x000000000383dbe0, 0x000000000383dcf0]
Event: 13.084 Thread 0x00000000156fe000 4384       1       oracle.jbo.common.VariableManagerImpl::getVarMgrParents (5 bytes)
Event: 13.084 Thread 0x00000000156fe000 nmethod 4384 0x0000000003b8abd0 code [0x0000000003b8ad20, 0x0000000003b8ae30]

GC Heap History (10 events):
Event: 6.888 GC heap before
{Heap before GC invocations=12 (full 2):
 PSYoungGen      total 100352K, used 8693K [0x00000000eb380000, 0x00000000f2980000, 0x0000000100000000)
  eden space 91648K, 0% used [0x00000000eb380000,0x00000000eb380000,0x00000000f0d00000)
  from space 8704K, 99% used [0x00000000f1880000,0x00000000f20fd700,0x00000000f2100000)
  to   space 11776K, 0% used [0x00000000f0d00000,0x00000000f0d00000,0x00000000f1880000)
 ParOldGen       total 33280K, used 15143K [0x00000000c1a00000, 0x00000000c3a80000, 0x00000000eb380000)
  object space 33280K, 45% used [0x00000000c1a00000,0x00000000c28c9e88,0x00000000c3a80000)
 Metaspace       used 34997K, capacity 35210K, committed 35456K, reserved 1081344K
  class space    used 3870K, capacity 3937K, committed 3968K, reserved 1048576K
Event: 7.043 GC heap after
Heap after GC invocations=12 (full 2):
 PSYoungGen      total 100352K, used 0K [0x00000000eb380000, 0x00000000f2980000, 0x0000000100000000)
  eden space 91648K, 0% used [0x00000000eb380000,0x00000000eb380000,0x00000000f0d00000)
  from space 8704K, 0% used [0x00000000f1880000,0x00000000f1880000,0x00000000f2100000)
  to   space 11776K, 0% used [0x00000000f0d00000,0x00000000f0d00000,0x00000000f1880000)
 ParOldGen       total 53248K, used 21681K [0x00000000c1a00000, 0x00000000c4e00000, 0x00000000eb380000)
  object space 53248K, 40% used [0x00000000c1a00000,0x00000000c2f2c7e8,0x00000000c4e00000)
 Metaspace       used 34997K, capacity 35210K, committed 35456K, reserved 1081344K
  class space    used 3870K, capacity 3937K, committed 3968K, reserved 1048576K
}
Event: 8.750 GC heap before
{Heap before GC invocations=13 (full 2):
 PSYoungGen      total 100352K, used 91648K [0x00000000eb380000, 0x00000000f2980000, 0x0000000100000000)
  eden space 91648K, 100% used [0x00000000eb380000,0x00000000f0d00000,0x00000000f0d00000)
  from space 8704K, 0% used [0x00000000f1880000,0x00000000f1880000,0x00000000f2100000)
  to   space 11776K, 0% used [0x00000000f0d00000,0x00000000f0d00000,0x00000000f1880000)
 ParOldGen       total 53248K, used 21681K [0x00000000c1a00000, 0x00000000c4e00000, 0x00000000eb380000)
  object space 53248K, 40% used [0x00000000c1a00000,0x00000000c2f2c7e8,0x00000000c4e00000)
 Metaspace       used 43361K, capacity 43606K, committed 43904K, reserved 1087488K
  class space    used 4806K, capacity 4878K, committed 4992K, reserved 1048576K
Event: 8.763 GC heap after
Heap after GC invocations=13 (full 2):
 PSYoungGen      total 103424K, used 8512K [0x00000000eb380000, 0x00000000f4700000, 0x0000000100000000)
  eden space 91648K, 0% used [0x00000000eb380000,0x00000000eb380000,0x00000000f0d00000)
  from space 11776K, 72% used [0x00000000f0d00000,0x00000000f1550288,0x00000000f1880000)
  to   space 12288K, 0% used [0x00000000f3b00000,0x00000000f3b00000,0x00000000f4700000)
 ParOldGen       total 53248K, used 21689K [0x00000000c1a00000, 0x00000000c4e00000, 0x00000000eb380000)
  object space 53248K, 40% used [0x00000000c1a00000,0x00000000c2f2e7e8,0x00000000c4e00000)
 Metaspace       used 43361K, capacity 43606K, committed 43904K, reserved 1087488K
  class space    used 4806K, capacity 4878K, committed 4992K, reserved 1048576K
}
Event: 12.136 GC heap before
{Heap before GC invocations=14 (full 2):
 PSYoungGen      total 103424K, used 100160K [0x00000000eb380000, 0x00000000f4700000, 0x0000000100000000)
  eden space 91648K, 100% used [0x00000000eb380000,0x00000000f0d00000,0x00000000f0d00000)
  from space 11776K, 72% used [0x00000000f0d00000,0x00000000f1550288,0x00000000f1880000)
  to   space 12288K, 0% used [0x00000000f3b00000,0x00000000f3b00000,0x00000000f4700000)
 ParOldGen       total 53248K, used 21689K [0x00000000c1a00000, 0x00000000c4e00000, 0x00000000eb380000)
  object space 53248K, 40% used [0x00000000c1a00000,0x00000000c2f2e7e8,0x00000000c4e00000)
 Metaspace       used 57881K, capacity 58137K, committed 58752K, reserved 1101824K
  class space    used 6337K, capacity 6426K, committed 6528K, reserved 1048576K
Event: 12.155 GC heap after
Heap after GC invocations=14 (full 2):
 PSYoungGen      total 135168K, used 12275K [0x00000000eb380000, 0x00000000f4980000, 0x0000000100000000)
  eden space 122880K, 0% used [0x00000000eb380000,0x00000000eb380000,0x00000000f2b80000)
  from space 12288K, 99% used [0x00000000f3b00000,0x00000000f46fcfa0,0x00000000f4700000)
  to   space 15360K, 0% used [0x00000000f2b80000,0x00000000f2b80000,0x00000000f3a80000)
 ParOldGen       total 53248K, used 25593K [0x00000000c1a00000, 0x00000000c4e00000, 0x00000000eb380000)
  object space 53248K, 48% used [0x00000000c1a00000,0x00000000c32fe498,0x00000000c4e00000)
 Metaspace       used 57881K, capacity 58137K, committed 58752K, reserved 1101824K
  class space    used 6337K, capacity 6426K, committed 6528K, reserved 1048576K
}
Event: 12.274 GC heap before
{Heap before GC invocations=15 (full 2):
 PSYoungGen      total 135168K, used 16900K [0x00000000eb380000, 0x00000000f4980000, 0x0000000100000000)
  eden space 122880K, 3% used [0x00000000eb380000,0x00000000eb804370,0x00000000f2b80000)
  from space 12288K, 99% used [0x00000000f3b00000,0x00000000f46fcfa0,0x00000000f4700000)
  to   space 15360K, 0% used [0x00000000f2b80000,0x00000000f2b80000,0x00000000f3a80000)
 ParOldGen       total 53248K, used 25593K [0x00000000c1a00000, 0x00000000c4e00000, 0x00000000eb380000)
  object space 53248K, 48% used [0x00000000c1a00000,0x00000000c32fe498,0x00000000c4e00000)
 Metaspace       used 58544K, capacity 58783K, committed 59096K, reserved 1101824K
  class space    used 6395K, capacity 6491K, committed 6528K, reserved 1048576K
Event: 12.280 GC heap after
Heap after GC invocations=15 (full 2):
 PSYoungGen      total 138240K, used 923K [0x00000000eb380000, 0x00000000f4980000, 0x0000000100000000)
  eden space 122880K, 0% used [0x00000000eb380000,0x00000000eb380000,0x00000000f2b80000)
  from space 15360K, 6% used [0x00000000f2b80000,0x00000000f2c66c80,0x00000000f3a80000)
  to   space 12288K, 0% used [0x00000000f3b00000,0x00000000f3b00000,0x00000000f4700000)
 ParOldGen       total 53248K, used 29274K [0x00000000c1a00000, 0x00000000c4e00000, 0x00000000eb380000)
  object space 53248K, 54% used [0x00000000c1a00000,0x00000000c3696b08,0x00000000c4e00000)
 Metaspace       used 58544K, capacity 58783K, committed 59096K, reserved 1101824K
  class space    used 6395K, capacity 6491K, committed 6528K, reserved 1048576K
}
Event: 12.280 GC heap before
{Heap before GC invocations=16 (full 3):
 PSYoungGen      total 138240K, used 923K [0x00000000eb380000, 0x00000000f4980000, 0x0000000100000000)
  eden space 122880K, 0% used [0x00000000eb380000,0x00000000eb380000,0x00000000f2b80000)
  from space 15360K, 6% used [0x00000000f2b80000,0x00000000f2c66c80,0x00000000f3a80000)
  to   space 12288K, 0% used [0x00000000f3b00000,0x00000000f3b00000,0x00000000f4700000)
 ParOldGen       total 53248K, used 29274K [0x00000000c1a00000, 0x00000000c4e00000, 0x00000000eb380000)
  object space 53248K, 54% used [0x00000000c1a00000,0x00000000c3696b08,0x00000000c4e00000)
 Metaspace       used 58544K, capacity 58783K, committed 59096K, reserved 1101824K
  class space    used 6395K, capacity 6491K, committed 6528K, reserved 1048576K
Event: 12.476 GC heap after
Heap after GC invocations=16 (full 3):
 PSYoungGen      total 138240K, used 0K [0x00000000eb380000, 0x00000000f4980000, 0x0000000100000000)
  eden space 122880K, 0% used [0x00000000eb380000,0x00000000eb380000,0x00000000f2b80000)
  from space 15360K, 0% used [0x00000000f2b80000,0x00000000f2b80000,0x00000000f3a80000)
  to   space 12288K, 0% used [0x00000000f3b00000,0x00000000f3b00000,0x00000000f4700000)
 ParOldGen       total 65536K, used 25375K [0x00000000c1a00000, 0x00000000c5a00000, 0x00000000eb380000)
  object space 65536K, 38% used [0x00000000c1a00000,0x00000000c32c7f20,0x00000000c5a00000)
 Metaspace       used 58536K, capacity 58775K, committed 59096K, reserved 1101824K
  class space    used 6392K, capacity 6487K, committed 6528K, reserved 1048576K
}

Deoptimization events (10 events):
Event: 10.997 Thread 0x000000001b100800 Uncommon trap: reason=speculate_class_check action=maybe_recompile pc=0x0000000003bc3b1c method=oracle.xml.parser.v2.XMLElement.getLocalName()Ljava/lang/String; @ 57
Event: 11.023 Thread 0x000000001b100800 Uncommon trap: reason=speculate_class_check action=maybe_recompile pc=0x0000000003bbbeb8 method=oracle.xml.parser.v2.XMLElement.getNamespaceURI()Ljava/lang/String; @ 57
Event: 11.024 Thread 0x000000001b100800 Uncommon trap: reason=speculate_class_check action=maybe_recompile pc=0x0000000003bbbeb8 method=oracle.xml.parser.v2.XMLElement.getNamespaceURI()Ljava/lang/String; @ 57
Event: 11.268 Thread 0x000000001b100800 Uncommon trap: reason=unstable_if action=reinterpret pc=0x0000000003c60614 method=sun.misc.ASCIICaseInsensitiveComparator.compare(Ljava/lang/String;Ljava/lang/String;)I @ 83
Event: 11.818 Thread 0x000000001b100800 Uncommon trap: reason=unstable_if action=reinterpret pc=0x0000000003ccf31c method=java.lang.CharacterDataLatin1.digit(II)I @ 82
Event: 12.513 Thread 0x000000001b100800 Uncommon trap: reason=bimorphic action=maybe_recompile pc=0x00000000039b0240 method=java.util.Hashtable.put(Ljava/lang/Object;Ljava/lang/Object;)Ljava/lang/Object; @ 60
Event: 12.513 Thread 0x000000001b100800 Uncommon trap: reason=bimorphic action=maybe_recompile pc=0x00000000039b0240 method=java.util.Hashtable.put(Ljava/lang/Object;Ljava/lang/Object;)Ljava/lang/Object; @ 60
Event: 12.513 Thread 0x000000001b100800 Uncommon trap: reason=bimorphic action=maybe_recompile pc=0x00000000039b0240 method=java.util.Hashtable.put(Ljava/lang/Object;Ljava/lang/Object;)Ljava/lang/Object; @ 60
Event: 12.513 Thread 0x000000001b100800 Uncommon trap: reason=bimorphic action=maybe_recompile pc=0x00000000039b0240 method=java.util.Hashtable.put(Ljava/lang/Object;Ljava/lang/Object;)Ljava/lang/Object; @ 60
Event: 12.971 Thread 0x000000001b100800 Uncommon trap: reason=unstable_if action=reinterpret pc=0x0000000003bb46d0 method=java.lang.reflect.Method.equals(Ljava/lang/Object;)Z @ 49

Internal exceptions (10 events):
Event: 12.960 Thread 0x000000001b100800 Exception <a 'java/lang/ClassNotFoundException': oracle/jbo/uicli/binding/JUFormBindingBeanInfo> (0x00000000ecefe598) thrown at [C:\re\workspace\8-2-build-windows-amd64-cygwin\jdk8u101\7261\hotspot\src\share\vm\classfile\systemDictionary.cpp, line 210]
Event: 12.963 Thread 0x000000001b100800 Exception <a 'java/lang/ClassNotFoundException': oracle/adf/model/binding/DCBindingContainerBeanInfo> (0x00000000ecf929e8) thrown at [C:\re\workspace\8-2-build-windows-amd64-cygwin\jdk8u101\7261\hotspot\src\share\vm\classfile\systemDictionary.cpp, line 210‡o",Ó)@
Event: 12.965 Thread 0x000000001b100800 Exception <a 'java/lang/ClassNotFoundException': oracle/adf/model/binding/DCExecutableBindingBeanInfo> (0x00000000ed026f28) thrown at [C:\re\workspace\8-2-build-windows-amd64-cygwin\jdk8u101\7261\hotspot\src\share\vm\classfile\systemDictionary.cpp, line 21‚±ÅvÔ)@
Event: 12.968 Thread 0x000000001b100800 Exception <a 'java/lang/ClassNotFoundException': oracle/jbo/common/JboAbstractMapBeanInfo> (0x00000000ed0a1e58) thrown at [C:\re\workspace\8-2-build-windows-amd64-cygwin\jdk8u101\7261\hotspot\src\share\vm\classfile\systemDictionary.cpp, line 210]
Event: 12.969 Thread 0x000000001b100800 Exception <a 'java/lang/ClassNotFoundException': java/util/AbstractMapBeanInfo> (0x00000000ed0d4528) thrown at [C:\re\workspace\8-2-build-windows-amd64-cygwin\jdk8u101\7261\hotspot\src\share\vm\classfile\systemDictionary.cpp, line 210]
Event: 12.970 Thread 0x000000001b100800 Exception <a 'java/lang/ClassNotFoundException': java/util/AbstractMapCustomizer> (0x00000000ed108260) thrown at [C:\re\workspace\8-2-build-windows-amd64-cygwin\jdk8u101\7261\hotspot\src\share\vm\classfile\systemDictionary.cpp, line 210]
Event: 12.976 Thread 0x000000001b100800 Exception <a 'java/lang/ClassNotFoundException': oracle/jbo/common/JboAbstractMapCustomizer> (0x00000000ed192ab0) thrown at [C:\re\workspace\8-2-build-windows-amd64-cygwin\jdk8u101\7261\hotspot\src\share\vm\classfile\systemDictionary.cpp, line 210]
Event: 12.979 Thread 0x000000001b100800 Exception <a 'java/lang/ClassNotFoundException': oracle/adf/model/binding/DCExecutableBindingCustomizer> (0x00000000ed22f420) thrown at [C:\re\workspace\8-2-build-windows-amd64-cygwin\jdk8u101\7261\hotspot\src\share\vm\classfile\systemDictionary.cpp, line |°xÊ¯)@
Event: 12.986 Thread 0x000000001b100800 Exception <a 'java/lang/ClassNotFoundException': oracle/adf/model/binding/DCBindingContainerCustomizer> (0x00000000ed357190) thrown at [C:\re\workspace\8-2-build-windows-amd64-cygwin\jdk8u101\7261\hotspot\src\share\vm\classfile\systemDictionary.cpp, line 2êÌ†¢u*@
Event: 13.011 Thread 0x000000001b100800 Exception <a 'java/lang/ClassNotFoundException': oracle/jbo/uicli/binding/JUFormBindingCustomizer> (0x00000000ed5dcbf0) thrown at [C:\re\workspace\8-2-build-windows-amd64-cygwin\jdk8u101\7261\hotspot\src\share\vm\classfile\systemDictionary.cpp, line 210]

Events (10 events):
Event: 13.089 loading class oracle/jbo/expr/JIParserNodeSelect
Event: 13.089 loading class oracle/jbo/expr/JIParserNodeSelect done
Event: 13.089 loading class oracle/jbo/expr/JIParserNode
Event: 13.089 loading class oracle/jbo/expr/JIParserNode done
Event: 13.091 loading class oracle/jbo/server/ServerParserNodeSelect
Event: 13.091 loading class oracle/jbo/server/ServerParserNodeSelect done
Event: 13.091 loading class oracle/jbo/expr/JIExprDef
Event: 13.091 loading class oracle/jbo/expr/JIExprDef done
Event: 13.092 loading class oracle/jbo/script/AbstractExprDef
Event: 13.092 loading class oracle/jbo/script/AbstractExprDef done


Dynamic libraries:
0x00007ff64bcc0000 - 0x00007ff64bcf7000 	C:\Oracle\Middleware\Oracle_Home\oracle_common\jdk\bin\javaw.exe
0x00007ff8ea6d0000 - 0x00007ff8ea8ab000 	C:\Windows\SYSTEM32\ntdll.dll
0x00007ff8ea3d0000 - 0x00007ff8ea47e000 	C:\Windows\System32\KERNEL32.DLL
0x00007ff8e7220000 - 0x00007ff8e7469000 	C:\Windows\System32\KERNELBASE.dll
0x00007ff8e80f0000 - 0x00007ff8e8191000 	C:\Windows\System32\ADVAPI32.dll
0x00007ff8ea5d0000 - 0x00007ff8ea66d000 	C:\Windows\System32\msvcrt.dll
0x00007ff8ea570000 - 0x00007ff8ea5c9000 	C:\Windows\System32\sechost.dll
0x00007ff8e9c20000 - 0x00007ff8e9d45000 	C:\Windows\System32\RPCRT4.dll
0x00007ff8ea1d0000 - 0x00007ff8ea31a000 	C:\Windows\System32\USER32.dll
0x00007ff8e7470000 - 0x00007ff8e748e000 	C:\Windows\System32\win32u.dll
0x00007ff8e95e0000 - 0x00007ff8e9607000 	C:\Windows\System32\GDI32.dll
0x00007ff8e6ee0000 - 0x00007ff8e7068000 	C:\Windows\System32\gdi32full.dll
0x00007ff8e7490000 - 0x00007ff8e752a000 	C:\Windows\System32\msvcp_win.dll
0x00007ff8e70d0000 - 0x00007ff8e71c6000 	C:\Windows\System32\ucrtbase.dll
0x00007ff8da870000 - 0x00007ff8daad7000 	C:\Windows\WinSxS\amd64_microsoft.windows.common-controls_6595b64144ccf1df_6.0.15063.483_none_26002d27e7c744a2\COMCTL32.dll
0x00007ff8e9ed0000 - 0x00007ff8ea1c9000 	C:\Windows\System32\combase.dll
0x00007ff8e6bf0000 - 0x00007ff8e6c5a000 	C:\Windows\System32\bcryptPrimitives.dll
0x00007ff8ea3a0000 - 0x00007ff8ea3cd000 	C:\Windows\System32\IMM32.DLL
0x0000000051c10000 - 0x0000000051ce2000 	C:\Oracle\Middleware\Oracle_Home\oracle_common\jdk\jre\bin\msvcr100.dll
0x0000000051e60000 - 0x00000000526fa000 	C:\Oracle\Middleware\Oracle_Home\oracle_common\jdk\jre\bin\server\jvm.dll
0x00007ff8ea4a0000 - 0x00007ff8ea4a8000 	C:\Windows\System32\PSAPI.DLL
0x00007ff8e0170000 - 0x00007ff8e0193000 	C:\Windows\SYSTEM32\WINMM.dll
0x00007ff8dada0000 - 0x00007ff8dadaa000 	C:\Windows\SYSTEM32\VERSION.dll
0x00007ff8e0c30000 - 0x00007ff8e0c39000 	C:\Windows\SYSTEM32\WSOCK32.dll
0x00007ff8ea330000 - 0x00007ff8ea39c000 	C:\Windows\System32\WS2_32.dll
0x00007ff8dfa30000 - 0x00007ff8dfa5b000 	C:\Windows\SYSTEM32\winmmbase.dll
0x00007ff8e71d0000 - 0x00007ff8e7219000 	C:\Windows\System32\cfgmgr32.dll
0x0000000052d50000 - 0x0000000052d5f000 	C:\Oracle\Middleware\Oracle_Home\oracle_common\jdk\jre\bin\verify.dll
0x0000000052d20000 - 0x0000000052d49000 	C:\Oracle\Middleware\Oracle_Home\oracle_common\jdk\jre\bin\java.dll
0x0000000052d00000 - 0x0000000052d16000 	C:\Oracle\Middleware\Oracle_Home\oracle_common\jdk\jre\bin\zip.dll
0x00007ff8e81a0000 - 0x00007ff8e95d7000 	C:\Windows\System32\SHELL32.dll
0x00007ff8e7c30000 - 0x00007ff8e7cda000 	C:\Windows\System32\shcore.dll
0x00007ff8e7530000 - 0x00007ff8e7c22000 	C:\Windows\System32\windows.storage.dll
0x00007ff8ea510000 - 0x00007ff8ea561000 	C:\Windows\System32\shlwapi.dll
0x00007ff8e6bd0000 - 0x00007ff8e6be1000 	C:\Windows\System32\kernel.appcore.dll
0x00007ff8e6b40000 - 0x00007ff8e6b8c000 	C:\Windows\System32\powrprof.dll
0x00007ff8e6bb0000 - 0x00007ff8e6bc5000 	C:\Windows\System32\profapi.dll
0x0000000052b20000 - 0x0000000052cb8000 	C:\Oracle\Middleware\Oracle_Home\oracle_common\jdk\jre\bin\awt.dll
0x00007ff8e9610000 - 0x00007ff8e96d0000 	C:\Windows\System32\OLEAUT32.dll
0x00007ff8e4fd0000 - 0x00007ff8e504e000 	C:\Windows\SYSTEM32\apphelp.dll
0x00007ff8e5360000 - 0x00007ff8e53f5000 	C:\Windows\system32\uxtheme.dll
0x00007ff8e9d50000 - 0x00007ff8e9eb6000 	C:\Windows\System32\MSCTF.dll
0x00007ff8e2f20000 - 0x00007ff8e2f4a000 	C:\Windows\system32\dwmapi.dll
0x00007ff8e7d80000 - 0x00007ff8e7ec5000 	C:\Windows\System32\ole32.dll
0x0000000052ce0000 - 0x0000000052cfa000 	C:\Oracle\Middleware\Oracle_Home\oracle_common\jdk\jre\bin\net.dll
0x00007ff8e63f0000 - 0x00007ff8e644c000 	C:\Windows\system32\mswsock.dll
0x00007ff8d73d0000 - 0x00007ff8d75d1000 	C:\Program Files (x86)\Forefront TMG Client\FwcWsp64.dll
0x00007ff8e7070000 - 0x00007ff8e70c6000 	C:\Windows\System32\WINTRUST.dll
0x00007ff8e6b90000 - 0x00007ff8e6ba1000 	C:\Windows\System32\MSASN1.dll
0x00007ff8e6c60000 - 0x00007ff8e6e29000 	C:\Windows\System32\CRYPT32.dll
0x00007ff8d7690000 - 0x00007ff8d76a7000 	C:\Windows\SYSTEM32\NETAPI32.dll
0x00007ff8e4fa0000 - 0x00007ff8e4faa000 	C:\Windows\SYSTEM32\DSROLE.DLL
0x00007ff8d31f0000 - 0x00007ff8d3206000 	C:\Windows\system32\napinsp.dll
0x00007ff8d3130000 - 0x00007ff8d314a000 	C:\Windows\system32\pnrpnsp.dll
0x00007ff8e4fb0000 - 0x00007ff8e4fc8000 	C:\Windows\system32\NLAapi.dll
0x00007ff8e61d0000 - 0x00007ff8e6274000 	C:\Windows\SYSTEM32\DNSAPI.dll
0x00007ff8ea320000 - 0x00007ff8ea328000 	C:\Windows\System32\NSI.dll
0x00007ff8e6190000 - 0x00007ff8e61c7000 	C:\Windows\SYSTEM32\IPHLPAPI.DLL
0x00007ff8d7750000 - 0x00007ff8d775e000 	C:\Windows\System32\winrnr.dll
0x00007ff8d3370000 - 0x00007ff8d3385000 	C:\Windows\System32\wshbth.dll
0x00007ff8d7220000 - 0x00007ff8d73c9000 	C:\Windows\SYSTEM32\DBGHELP.DLL
0x0000000001620000 - 0x0000000001623000 	C:\Windows\SYSTEM32\security.dll
0x00007ff8d7680000 - 0x00007ff8d768c000 	C:\Windows\SYSTEM32\SECUR32.DLL
0x00007ff8e6a40000 - 0x00007ff8e6a70000 	C:\Windows\SYSTEM32\SSPICLI.DLL
0x00007ff8e6380000 - 0x00007ff8e63ea000 	C:\Windows\system32\msv1_0.DLL
0x00007ff8e6a10000 - 0x00007ff8e6a35000 	C:\Windows\SYSTEM32\bcrypt.dll
0x00007ff8e6370000 - 0x00007ff8e637c000 	C:\Windows\SYSTEM32\NtlmShared.dll
0x00007ff8e6450000 - 0x00007ff8e6464000 	C:\Windows\SYSTEM32\cryptdll.dll
0x00007ff8e0860000 - 0x00007ff8e086a000 	C:\Windows\System32\rasadhlp.dll
0x00007ff8e30a0000 - 0x00007ff8e310b000 	C:\Windows\System32\fwpuclnt.dll
0x0000000052a40000 - 0x0000000052a4d000 	C:\Oracle\Middleware\Oracle_Home\oracle_common\jdk\jre\bin\management.dll
0x00007ff8e65a0000 - 0x00007ff8e65b7000 	C:\Windows\SYSTEM32\CRYPTSP.dll
0x00007ff8e6020000 - 0x00007ff8e6054000 	C:\Windows\system32\rsaenh.dll
0x00007ff8e6a70000 - 0x00007ff8e6a99000 	C:\Windows\SYSTEM32\USERENV.dll
0x00007ff8e6590000 - 0x00007ff8e659b000 	C:\Windows\SYSTEM32\CRYPTBASE.dll
0x00007ff8e2a30000 - 0x00007ff8e2a46000 	C:\Windows\SYSTEM32\dhcpcsvc6.DLL
0x00007ff8e2650000 - 0x00007ff8e266a000 	C:\Windows\SYSTEM32\dhcpcsvc.DLL
0x0000000052cc0000 - 0x0000000052cd1000 	C:\Oracle\Middleware\Oracle_Home\oracle_common\jdk\jre\bin\nio.dll
0x0000000051d30000 - 0x0000000051d54000 	C:\Oracle\Middleware\Oracle_Home\oracle_common\jdk\jre\bin\sunec.dll

VM Arguments:
jvm_args: -Djavax.net.ssl.trustStore=C:\Users\USMANR~1\AppData\Local\Temp\trustStore841359194371953803.jks -XX:MaxPermSize=128M -Duser.language=en -Duser.country=US -Duser.variant= -Doracle.security.jps.config=/D:/JDeveloper/mywork/VendorPortal/src/META-INF/jps-config.xml -Dbc4jtester_port=23322 -Djdev.range=100 -Dmodel_project_file_path=/D:/JDeveloper/mywork/VendorPortal/VPModel/VPModel.jpr -Doracle.mds.cache=simple 
java_command: oracle.jbo.jbotester.MainFrame -X 15D692DC337
java_class_path (initial): C:\Oracle\Middleware\Oracle_Home\oracle_common\jdk\jre\lib\resources.jar;C:\Oracle\Middleware\Oracle_Home\oracle_common\jdk\jre\lib\rt.jar;C:\Oracle\Middleware\Oracle_Home\oracle_common\jdk\jre\lib\sunrsasign.jar;C:\Oracle\Middleware\Oracle_Home\oracle_common\jdk\jre\lib\jsse.jar;C:\Oracle\Middleware\Oracle_Home\oracle_common\jdk\jre\lib\jce.jar;C:\Oracle\Middleware\Oracle_Home\oracle_common\jdk\jre\lib\charsets.jar;C:\Oracle\Middleware\Oracle_Home\oracle_common\jdk\jre\lib\jfr.jar;C:\Oracle\Middleware\Oracle_Home\oracle_common\jdk\jre\classes;D:\Profile\Desktop\barcode4j-2.1.jar;D:\JDeveloper\mywork\VendorPortal\.adf;D:\JDeveloper\mywork\VendorPortal\VPModel\classes;C:\Oracle\Middleware\Oracle_Home\oracle_common\modules\oracle.adf.share\adf-share-support.jar;C:\Oracle\Middleware\Oracle_Home\oracle_common\modules\oracle.adf.share.ca\adf-share-ca.jar;C:\Oracle\Middleware\Oracle_Home\oracle_common\modules\oracle.adf.share.ca\adf-share-base.jar;C:\Oracle\Middleware\Oracle_Home\oracle_common\modules\oracle.adf.share\adflogginghandler.jar;C:\Oracle\Middleware\Oracle_Home\oracle_common\modules\oracle.adf.share\adfsharembean.jar;C:\Oracle\Middleware\Oracle_Home\oracle_common\modules\oracle.jmx\jmxframework.jar;C:\Oracle\Middleware\Oracle_Home\oracle_common\modules\oracle.jmx\jmxspi.jar;C:\Oracle\Middleware\Oracle_Home\oracle_common\modules\oracle.idm\identitystore.jar;C:\Oracle\Middleware\Oracle_Home\oracle_common\modules\oracle.adf.model\adfm.jar;C:\Oracle\Middleware\Oracle_Home\oracle_common\modules\oracle.adf.model\bc4j-mbeans.jar;C:\Oracle\Middleware\Oracle_Home\oracle_common\modules\groovy-all-2.4.6.jar;C:\Oracle\Middleware\Oracle_Home\oracle_common\modules\oracle.xdk\xmlparserv2.jar;C:\Oracle\Middleware\Oracle_Home\oracle_common\modules\oracle.adf.model\db-ca.jar;C:\Oracle\Middleware\Oracle_Home\oracle_common\modules\oracle.adf.model\jdev-cm.jar;C:\Oracle\Middleware\Oracle_Home\oracle_common\modules\oracle.ldap\ojmisc.jar;C:\Oracle\Middle
Launcher Type: SUN_STANDARD

Environment Variables:
PATH=C:\ProgramData\Oracle\Java\javapath;C:\Program Files\Java\jdk1.8.0_131\bin;D:\DevSuiteHome_1\jdk\jre\bin\classic;D:\DevSuiteHome_1\jdk\jre\bin;D:\DevSuiteHome_1\jdk\jre\bin\client;D:\DevSuiteHome_1\jlib;D:\DevSuiteHome_1\bin;D:\DevSuiteHome_1\jre\1.4.2\bin\client;D:\DevSuiteHome_1\jre\1.4.2\bin;C:\Windows\system32;C:\Windows;C:\Windows\System32\Wbem;C:\Windows\System32\WindowsPowerShell\v1.0\;C:\Program Files (x86)\Panda Security\WaAgent\Common;C:\Program Files (x86)\Skype\Phone\;C:\Users\UsmanRiaz\AppData\Local\Microsoft\WindowsApps;
USERNAME=usmanriaz
OS=Windows_NT
PROCESSOR_IDENTIFIER=Intel64 Family 6 Model 69 Stepping 1, GenuineIntel



---------------  S Y S T E M  ---------------

OS: Windows 10.0 , 64 bit Build 15063 (10.0.15063.296)

CPU:total 4 (2 cores per cpu, 2 threads per core) family 6 model 69 stepping 1, cmov, cx8, fxsr, mmx, sse, sse2, sse3, ssse3, sse4.1, sse4.2, popcnt, avx, avx2, aes, clmul, erms, lzcnt, ht, tsc, tscinvbit, bmi1, bmi2

Memory: 4k page, physical 4083992k(230800k free), swap 9209112k(4360k free)

vm_info: Java HotSpot(TM) 64-Bit Server VM (25.101-b13) for windows-amd64 JRE (1.8.0_101-b13), built on Jun 22 2016 01:21:29 by "java_re" with MS VC++ 10.0 (VS2010)

time: Sat Jul 22 12:23:26 2017
elapsed time: 13 seconds (0d 0h 0m 13s)

